<?xml version="1.0" encoding="UTF-8"?>
<testsuite xmlns:xsi="http://www.w3.org/2001/XMLSchema-instance" xsi:noNamespaceSchemaLocation="https://maven.apache.org/surefire/maven-surefire-plugin/xsd/surefire-test-report-3.0.xsd" version="3.0" name="pfe.mandomati.academicms.AcademicmsApplicationTests" time="17.317" tests="1" errors="0" skipped="0" failures="0">
  <properties>
[...]
</properties>
  <testcase name="contextLoads" classname="pfe.mandomati.academicms.AcademicmsApplicationTests" time="1.492">
    <system-out><![CDATA[13:59:24.954 [main] INFO org.springframework.test.context.support.AnnotationConfigContextLoaderUtils -- Could not detect default configuration classes for test class [pfe.mandomati.academicms.AcademicmsApplicationTests]: AcademicmsApplicationTests does not declare any static, non-private, non-final, nested classes annotated with @Configuration.
13:59:25.225 [main] INFO org.springframework.boot.test.context.SpringBootTestContextBootstrapper -- Found @SpringBootConfiguration pfe.mandomati.academicms.AcademicmsApplication for test class pfe.mandomati.academicms.AcademicmsApplicationTests
13:59:25.952 [main] INFO org.springframework.boot.devtools.restart.RestartApplicationListener -- Restart disabled due to context in which it is running

  .   ____          _            __ _ _
 /\\ / ___'_ __ _ _(_)_ __  __ _ \ \ \ \
( ( )\___ | '_ | '_| | '_ \/ _` | \ \ \ \
 \\/  ___)| |_)| | | | | || (_| |  ) ) ) )
  '  |____| .__|_| |_|_| |_\__, | / / / /
 =========|_|==============|___/=/_/_/_/

 :: Spring Boot ::                (v3.3.9)

2025-03-14T13:59:28.025Z  INFO 5064 --- [academicms] [           main] p.m.a.AcademicmsApplicationTests         : Starting AcademicmsApplicationTests using Java 17.0.12 with PID 5064 (started by HP in C:\Users\HP\Desktop\Academic-MS\academicms)
2025-03-14T13:59:28.048Z  INFO 5064 --- [academicms] [           main] p.m.a.AcademicmsApplicationTests         : No active profile set, falling back to 1 default profile: "default"
2025-03-14T13:59:29.956Z  INFO 5064 --- [academicms] [           main] .s.d.r.c.RepositoryConfigurationDelegate : Bootstrapping Spring Data JPA repositories in DEFAULT mode.
2025-03-14T13:59:30.208Z  INFO 5064 --- [academicms] [           main] .s.d.r.c.RepositoryConfigurationDelegate : Finished Spring Data repository scanning in 233 ms. Found 10 JPA repository interfaces.
2025-03-14T13:59:30.854Z  INFO 5064 --- [academicms] [           main] o.s.cloud.context.scope.GenericScope     : BeanFactory id=6a92cefd-03c1-3fb3-b151-5ae88252e4f1
2025-03-14T13:59:31.751Z  INFO 5064 --- [academicms] [           main] o.hibernate.jpa.internal.util.LogHelper  : HHH000204: Processing PersistenceUnitInfo [name: default]
2025-03-14T13:59:31.947Z  INFO 5064 --- [academicms] [           main] org.hibernate.Version                    : HHH000412: Hibernate ORM core version 6.5.3.Final
2025-03-14T13:59:32.034Z  INFO 5064 --- [academicms] [           main] o.h.c.internal.RegionFactoryInitiator    : HHH000026: Second-level cache disabled
2025-03-14T13:59:32.865Z  INFO 5064 --- [academicms] [           main] o.s.o.j.p.SpringPersistenceUnitInfo      : No LoadTimeWeaver setup: ignoring JPA class transformer
2025-03-14T13:59:32.937Z  INFO 5064 --- [academicms] [           main] com.zaxxer.hikari.HikariDataSource       : HikariPool-1 - Starting...
2025-03-14T13:59:33.288Z  INFO 5064 --- [academicms] [           main] com.zaxxer.hikari.pool.HikariPool        : HikariPool-1 - Added connection com.mysql.cj.jdbc.ConnectionImpl@2b2b7e3c
2025-03-14T13:59:33.294Z  INFO 5064 --- [academicms] [           main] com.zaxxer.hikari.HikariDataSource       : HikariPool-1 - Start completed.
2025-03-14T13:59:33.438Z  WARN 5064 --- [academicms] [           main] org.hibernate.dialect.Dialect            : HHH000511: The 5.5.5 version for [org.hibernate.dialect.MySQLDialect] is no longer supported, hence certain features may not work properly. The minimum supported version is 8.0.0. Check the community dialects project for available legacy versions.
2025-03-14T13:59:33.449Z  WARN 5064 --- [academicms] [           main] org.hibernate.orm.deprecation            : HHH90000025: MySQLDialect does not need to be specified explicitly using 'hibernate.dialect' (remove the property setting and it will be selected by default)
2025-03-14T13:59:35.692Z  INFO 5064 --- [academicms] [           main] o.h.e.t.j.p.i.JtaPlatformInitiator       : HHH000489: No JTA platform available (set 'hibernate.transaction.jta.platform' to enable JTA platform integration)
2025-03-14T13:59:36.127Z  INFO 5064 --- [academicms] [           main] j.LocalContainerEntityManagerFactoryBean : Initialized JPA EntityManagerFactory for persistence unit 'default'
2025-03-14T13:59:37.125Z  WARN 5064 --- [academicms] [           main] JpaBaseConfiguration$JpaWebConfiguration : spring.jpa.open-in-view is enabled by default. Therefore, database queries may be performed during view rendering. Explicitly configure spring.jpa.open-in-view to disable this warning
2025-03-14T13:59:40.108Z  INFO 5064 --- [academicms] [           main] o.s.cloud.commons.util.InetUtils         : Cannot determine local hostname
2025-03-14T13:59:40.295Z  INFO 5064 --- [academicms] [           main] p.m.a.AcademicmsApplicationTests         : Started AcademicmsApplicationTests in 14.415 seconds (process running for 16.702)
]]></system-out>
  </testcase>
</testsuite>